<?xml version="1.0" encoding="UTF-8"?>
<!-- Generated by org.testng.reporters.JUnitXMLReporter -->
<testsuite ignored="0" hostname="DESKTOP-HKRNLIP" failures="0" tests="2" name="Default test" time="40.716" errors="0" timestamp="2025-07-10T07:57:59 IST">
  <testcase classname="SDETAssignmentMavenTestNG.SDETAssignmentMaven.MakeMyTripUsingMaven" name="selectOneWayTripWithCities" time="14.157"/>
  <testcase classname="SDETAssignmentMavenTestNG.SDETAssignmentMaven.MakeMyTripUsingMaven" name="verifyMakeMyTripLogo" time="11.326"/>
</testsuite> <!-- Default test -->
