<?xml version="1.0" encoding="UTF-8"?>
<!-- Generated by org.testng.reporters.JUnitXMLReporter -->
<testsuite ignored="0" hostname="DESKTOP-HKRNLIP" failures="0" tests="2" name="Default test" time="30.903" errors="0" timestamp="2025-07-09T07:57:00 IST">
  <testcase classname="SeleniumMakeMyTrip.TestNGConceptsinMakeMyTrip" name="selectOneWayTripWithCities" time="14.046"/>
  <testcase classname="SeleniumMakeMyTrip.TestNGConceptsinMakeMyTrip" name="verifyMakeMyTripLogo" time="8.215"/>
</testsuite> <!-- Default test -->
