<?xml version="1.0" encoding="UTF-8"?>
<testng-results ignored="0" total="2" passed="2" failed="0" skipped="0">
  <reporter-output>
  </reporter-output>
  <suite started-at="2025-07-10T07:57:18 IST" name="Default suite" finished-at="2025-07-10T07:57:59 IST" duration-ms="40716">
    <groups>
    </groups>
    <test started-at="2025-07-10T07:57:18 IST" name="Default test" finished-at="2025-07-10T07:57:59 IST" duration-ms="40716">
      <class name="SDETAssignmentMavenTestNG.SDETAssignmentMaven.MakeMyTripUsingMaven">
        <test-method is-config="true" signature="setUp()[pri:0, instance:SDETAssignmentMavenTestNG.SDETAssignmentMaven.MakeMyTripUsingMaven@2a5c8d3f]" started-at="2025-07-10T07:57:18 IST" name="setUp" finished-at="2025-07-10T07:57:28 IST" duration-ms="9576" status="PASS">
          <reporter-output>
          </reporter-output>
        </test-method> <!-- setUp -->
        <test-method signature="selectOneWayTripWithCities()[pri:0, instance:SDETAssignmentMavenTestNG.SDETAssignmentMaven.MakeMyTripUsingMaven@2a5c8d3f]" started-at="2025-07-10T07:57:28 IST" name="selectOneWayTripWithCities" finished-at="2025-07-10T07:57:42 IST" duration-ms="14157" status="PASS">
          <reporter-output>
          </reporter-output>
        </test-method> <!-- selectOneWayTripWithCities -->
        <test-method is-config="true" signature="tearDown()[pri:0, instance:SDETAssignmentMavenTestNG.SDETAssignmentMaven.MakeMyTripUsingMaven@2a5c8d3f]" started-at="2025-07-10T07:57:42 IST" name="tearDown" finished-at="2025-07-10T07:57:43 IST" duration-ms="1012" status="PASS">
          <reporter-output>
          </reporter-output>
        </test-method> <!-- tearDown -->
        <test-method is-config="true" signature="setUp()[pri:0, instance:SDETAssignmentMavenTestNG.SDETAssignmentMaven.MakeMyTripUsingMaven@2a5c8d3f]" started-at="2025-07-10T07:57:43 IST" name="setUp" finished-at="2025-07-10T07:57:46 IST" duration-ms="3059" status="PASS">
          <reporter-output>
          </reporter-output>
        </test-method> <!-- setUp -->
        <test-method signature="verifyMakeMyTripLogo()[pri:0, instance:SDETAssignmentMavenTestNG.SDETAssignmentMaven.MakeMyTripUsingMaven@2a5c8d3f]" started-at="2025-07-10T07:57:46 IST" name="verifyMakeMyTripLogo" finished-at="2025-07-10T07:57:57 IST" duration-ms="11326" status="PASS">
          <reporter-output>
          </reporter-output>
        </test-method> <!-- verifyMakeMyTripLogo -->
        <test-method is-config="true" signature="tearDown()[pri:0, instance:SDETAssignmentMavenTestNG.SDETAssignmentMaven.MakeMyTripUsingMaven@2a5c8d3f]" started-at="2025-07-10T07:57:57 IST" name="tearDown" finished-at="2025-07-10T07:57:59 IST" duration-ms="1441" status="PASS">
          <reporter-output>
          </reporter-output>
        </test-method> <!-- tearDown -->
      </class> <!-- SDETAssignmentMavenTestNG.SDETAssignmentMaven.MakeMyTripUsingMaven -->
    </test> <!-- Default test -->
  </suite> <!-- Default suite -->
</testng-results>
